<?xml version="1.0" encoding="UTF-8"?>
<!-- Generated by org.testng.reporters.JUnitReportReporter -->
<testsuite hostname="Shreya" failures="0" tests="1" name="testcases.RingTest" time="16.220" errors="0" timestamp="2025-01-23T20:54:28 IST" skipped="0">
  <testcase classname="testcases.RingTest" name="selectRing" time="16.220"/>
</testsuite> <!-- testcases.RingTest -->
