<?xml version="1.0" encoding="UTF-8"?>
<!-- Generated by org.testng.reporters.JUnitReportReporter -->
<testsuite hostname="Shreya" failures="0" tests="3" name="testcases.SignUpTest" time="52.153" errors="0" timestamp="2025-01-23T20:27:45 IST" skipped="0">
  <testcase classname="testcases.SignUpTest" name="SignupTest" time="21.319"/>
  <testcase classname="testcases.SignUpTest" name="SignupTest" time="15.250"/>
  <testcase classname="testcases.SignUpTest" name="SignupTest" time="15.584"/>
</testsuite> <!-- testcases.SignUpTest -->
