<?xml version="1.0" encoding="UTF-8"?>
<!-- Generated by org.testng.reporters.JUnitReportReporter -->
<testsuite hostname="Shreya" failures="0" tests="1" name="testcases.HomeTest" time="6.435" errors="0" timestamp="2025-01-23T20:45:58 IST" skipped="0">
  <testcase classname="testcases.HomeTest" name="RingLinkTest" time="6.435"/>
</testsuite> <!-- testcases.HomeTest -->
