<?xml version="1.0" encoding="UTF-8"?>
<!-- Generated by org.testng.reporters.JUnitReportReporter -->
<testsuite hostname="Shreya" failures="0" tests="5" name="testcases.LoginTest" time="52.161" errors="0" timestamp="2025-01-23T20:27:45 IST" skipped="0">
  <testcase classname="testcases.LoginTest" name="loginPageTitleTest" time="3.428"/>
  <testcase classname="testcases.LoginTest" name="loginTest" time="11.160"/>
  <testcase classname="testcases.LoginTest" name="loginTest" time="14.819"/>
  <testcase classname="testcases.LoginTest" name="loginTest" time="9.883"/>
  <testcase classname="testcases.LoginTest" name="loginTest" time="12.871"/>
</testsuite> <!-- testcases.LoginTest -->
