<?xml version="1.0" encoding="UTF-8"?>
<!-- Generated by org.testng.reporters.JUnitReportReporter -->
<testsuite hostname="Shreya" failures="0" tests="1" name="tests.LoginTest" time="4.291" errors="0" timestamp="2025-01-24T10:37:12 IST" skipped="0">
  <testcase classname="tests.LoginTest" name="loginTest" time="4.291"/>
</testsuite> <!-- tests.LoginTest -->
